<?xml version="1.0" encoding="UTF-8"?>
<testng-results skipped="0" failed="1" total="1" passed="0">
  <reporter-output>
    <line>
      <![CDATA[ Sun Apr 22 22:23:58 IST 2018 Execeution Started : Test]]>
    </line>
    <line>
      <![CDATA[ Sun Apr 22 22:23:58 IST 2018 Test Started : GuestUser_CheckoutFlow]]>
    </line>
    <line>
      <![CDATA[Navigate to EBAY home page]]>
    </line>
    <line>
      <![CDATA[Type "sony tv" in "Search input in home page"]]>
    </line>
    <line>
      <![CDATA[Click on "Search button in home page"]]>
    </line>
    <line>
      <![CDATA[Verified visibility of all elements located by "Search result list"]]>
    </line>
    <line>
      <![CDATA[Verified all element of "Search result list" contains "sony"]]>
    </line>
    <line>
      <![CDATA[Verified all element of "Search result list" contains "tv"]]>
    </line>
    <line>
      <![CDATA[Click on "TV Size filter checkbox"]]>
    </line>
    <line>
      <![CDATA[Verified all element of "Search result list" contains "5"]]>
    </line>
    <line>
      <![CDATA[Clicked on item : Chinese Bravia 3D Smart TV KDL55HX820]]>
    </line>
    <line>
      <![CDATA[Click on "Add to cart button"]]>
    </line>
    <line>
      <![CDATA[Click on "Go to cart button"]]>
    </line>
    <line>
      <![CDATA[Verified "Product name in cart page" contains "Chinese Bravia 3D Smart TV KDL55HX820"]]>
    </line>
    <line>
      <![CDATA[Verified "Product price in cart page" contains "US $800.00"]]>
    </line>
    <line>
      <![CDATA[Verified "Seller name in cart page" contains "410aceboogie410"]]>
    </line>
    <line>
      <![CDATA[Verified visibility of "Unit count text in cart page"]]>
    </line>
    <line>
      <![CDATA[Click on "Proceed to checkout button"]]>
    </line>
    <line>
      <![CDATA[Click on "Registration select button"]]>
    </line>
    <line>
      <![CDATA[Type "TestQA" in "First name field"]]>
    </line>
    <line>
      <![CDATA[Type "Ïnfosys" in "Last name field"]]>
    </line>
    <line>
      <![CDATA[Type "InfosysTestQA579062@gmail.com" in "Email id field"]]>
    </line>
    <line>
      <![CDATA[Type "Password@2423" in "Password field"]]>
    </line>
    <line>
      <![CDATA[ Sun Apr 22 22:25:37 IST 2018 Test Failed : GuestUser_CheckoutFlow]]>
    </line>
  </reporter-output>
  <suite name="Suite" duration-ms="98742" started-at="2018-04-22T16:53:58Z" finished-at="2018-04-22T16:55:37Z">
    <groups>
    </groups>
    <test name="Test" duration-ms="98742" started-at="2018-04-22T16:53:58Z" finished-at="2018-04-22T16:55:37Z">
      <class name="test.CheckoutTest">
        <test-method status="FAIL" signature="GuestUser_CheckoutFlow(helper.DataEntity)[pri:0, instance:test.CheckoutTest@7bde1f3a]" name="GuestUser_CheckoutFlow" duration-ms="97988" started-at="2018-04-22T22:23:58Z" data-provider="checkOutData" finished-at="2018-04-22T22:25:36Z">
          <params>
            <param index="0">
              <value>
                <![CDATA[helper.DataEntity@119c745c]]>
              </value>
            </param>
          </params>
          <exception class="org.openqa.selenium.TimeoutException">
            <message>
              <![CDATA[Expected condition failed: waiting for element to be clickable: [[RemoteWebDriver: chrome on XP (0bd4ce599750d4fd58caccaecaae3e03)] -> id: ppaFormSbtBtn] (tried for 30 second(s) with 500 milliseconds interval)
Build info: version: '3.11.0', revision: 'e59cfb3', time: '2018-03-11T20:26:55.152Z'
System info: host: 'VAIBHAV', ip: '192.168.1.3', os.name: 'Windows 10', os.arch: 'amd64', os.version: '10.0', java.version: '1.8.0_66'
Driver info: org.openqa.selenium.remote.RemoteWebDriver
Capabilities {acceptInsecureCerts: false, acceptSslCerts: false, applicationCacheEnabled: false, browserConnectionEnabled: false, browserName: chrome, chrome: {chromedriverVersion: 2.38.551601 (edb21f07fc70e9..., userDataDir: C:\Users\Vaibhav\AppData\Lo...}, cssSelectorsEnabled: true, databaseEnabled: false, handlesAlerts: true, hasTouchScreen: false, javascriptEnabled: true, locationContextEnabled: true, mobileEmulationEnabled: false, nativeEvents: true, networkConnectionEnabled: false, pageLoadStrategy: normal, platform: XP, platformName: XP, rotatable: false, setWindowRect: true, takesHeapSnapshot: true, takesScreenshot: true, unexpectedAlertBehaviour: , unhandledPromptBehavior: , version: 65.0.3325.181, webStorageEnabled: true, webdriver.remote.sessionid: 0bd4ce599750d4fd58caccaecaa...}
Session ID: 0bd4ce599750d4fd58caccaecaae3e03]]>
            </message>
            <full-stacktrace>
              <![CDATA[org.openqa.selenium.TimeoutException: Expected condition failed: waiting for element to be clickable: [[RemoteWebDriver: chrome on XP (0bd4ce599750d4fd58caccaecaae3e03)] -> id: ppaFormSbtBtn] (tried for 30 second(s) with 500 milliseconds interval)
Build info: version: '3.11.0', revision: 'e59cfb3', time: '2018-03-11T20:26:55.152Z'
System info: host: 'VAIBHAV', ip: '192.168.1.3', os.name: 'Windows 10', os.arch: 'amd64', os.version: '10.0', java.version: '1.8.0_66'
Driver info: org.openqa.selenium.remote.RemoteWebDriver
Capabilities {acceptInsecureCerts: false, acceptSslCerts: false, applicationCacheEnabled: false, browserConnectionEnabled: false, browserName: chrome, chrome: {chromedriverVersion: 2.38.551601 (edb21f07fc70e9..., userDataDir: C:\Users\Vaibhav\AppData\Lo...}, cssSelectorsEnabled: true, databaseEnabled: false, handlesAlerts: true, hasTouchScreen: false, javascriptEnabled: true, locationContextEnabled: true, mobileEmulationEnabled: false, nativeEvents: true, networkConnectionEnabled: false, pageLoadStrategy: normal, platform: XP, platformName: XP, rotatable: false, setWindowRect: true, takesHeapSnapshot: true, takesScreenshot: true, unexpectedAlertBehaviour: , unhandledPromptBehavior: , version: 65.0.3325.181, webStorageEnabled: true, webdriver.remote.sessionid: 0bd4ce599750d4fd58caccaecaa...}
Session ID: 0bd4ce599750d4fd58caccaecaae3e03
	at org.openqa.selenium.support.ui.WebDriverWait.timeoutException(WebDriverWait.java:81)
	at org.openqa.selenium.support.ui.FluentWait.until(FluentWait.java:271)
	at utils.CustomUtils.click(CustomUtils.java:117)
	at pages.checkoutPage.enterRandomUserInfoAndContinue(checkoutPage.java:31)
	at action.checkoutAction.enterUserRegisterattionDetailsAndContinue(checkoutAction.java:15)
	at test.CheckoutTest.GuestUser_CheckoutFlow(CheckoutTest.java:27)
	at sun.reflect.NativeMethodAccessorImpl.invoke0(Native Method)
	at sun.reflect.NativeMethodAccessorImpl.invoke(Unknown Source)
	at sun.reflect.DelegatingMethodAccessorImpl.invoke(Unknown Source)
	at java.lang.reflect.Method.invoke(Unknown Source)
	at org.testng.internal.MethodInvocationHelper.invokeMethod(MethodInvocationHelper.java:85)
	at org.testng.internal.Invoker.invokeMethod(Invoker.java:639)
	at org.testng.internal.Invoker.invokeTestMethod(Invoker.java:816)
	at org.testng.internal.Invoker.invokeTestMethods(Invoker.java:1124)
	at org.testng.internal.TestMethodWorker.invokeTestMethods(TestMethodWorker.java:125)
	at org.testng.internal.TestMethodWorker.run(TestMethodWorker.java:108)
	at org.testng.TestRunner.privateRun(TestRunner.java:774)
	at org.testng.TestRunner.run(TestRunner.java:624)
	at org.testng.SuiteRunner.runTest(SuiteRunner.java:359)
	at org.testng.SuiteRunner.runSequentially(SuiteRunner.java:354)
	at org.testng.SuiteRunner.privateRun(SuiteRunner.java:312)
	at org.testng.SuiteRunner.run(SuiteRunner.java:261)
	at org.testng.SuiteRunnerWorker.runSuite(SuiteRunnerWorker.java:52)
	at org.testng.SuiteRunnerWorker.run(SuiteRunnerWorker.java:86)
	at org.testng.TestNG.runSuitesSequentially(TestNG.java:1191)
	at org.testng.TestNG.runSuitesLocally(TestNG.java:1116)
	at org.testng.TestNG.run(TestNG.java:1024)
	at org.apache.maven.surefire.testng.TestNGExecutor.run(TestNGExecutor.java:283)
	at org.apache.maven.surefire.testng.TestNGXmlTestSuite.execute(TestNGXmlTestSuite.java:75)
	at org.apache.maven.surefire.testng.TestNGProvider.invoke(TestNGProvider.java:120)
	at sun.reflect.NativeMethodAccessorImpl.invoke0(Native Method)
	at sun.reflect.NativeMethodAccessorImpl.invoke(Unknown Source)
	at sun.reflect.DelegatingMethodAccessorImpl.invoke(Unknown Source)
	at java.lang.reflect.Method.invoke(Unknown Source)
	at org.apache.maven.surefire.util.ReflectionUtils.invokeMethodWithArray2(ReflectionUtils.java:206)
	at org.apache.maven.surefire.booter.ProviderFactory$ProviderProxy.invoke(ProviderFactory.java:160)
	at org.apache.maven.surefire.booter.ProviderFactory.invokeProvider(ProviderFactory.java:83)
	at org.apache.maven.plugin.surefire.InPluginVMSurefireStarter.runSuitesInProcess(InPluginVMSurefireStarter.java:87)
	at org.apache.maven.plugin.surefire.AbstractSurefireMojo.executeProvider(AbstractSurefireMojo.java:1132)
	at org.apache.maven.plugin.surefire.AbstractSurefireMojo.executeAfterPreconditionsChecked(AbstractSurefireMojo.java:978)
	at org.apache.maven.plugin.surefire.AbstractSurefireMojo.execute(AbstractSurefireMojo.java:854)
	at org.apache.maven.plugin.DefaultBuildPluginManager.executeMojo(DefaultBuildPluginManager.java:134)
	at org.apache.maven.lifecycle.internal.MojoExecutor.execute(MojoExecutor.java:207)
	at org.apache.maven.lifecycle.internal.MojoExecutor.execute(MojoExecutor.java:153)
	at org.apache.maven.lifecycle.internal.MojoExecutor.execute(MojoExecutor.java:145)
	at org.apache.maven.lifecycle.internal.LifecycleModuleBuilder.buildProject(LifecycleModuleBuilder.java:116)
	at org.apache.maven.lifecycle.internal.LifecycleModuleBuilder.buildProject(LifecycleModuleBuilder.java:80)
	at org.apache.maven.lifecycle.internal.builder.singlethreaded.SingleThreadedBuilder.build(SingleThreadedBuilder.java:51)
	at org.apache.maven.lifecycle.internal.LifecycleStarter.execute(LifecycleStarter.java:128)
	at org.apache.maven.DefaultMaven.doExecute(DefaultMaven.java:307)
	at org.apache.maven.DefaultMaven.doExecute(DefaultMaven.java:193)
	at org.apache.maven.DefaultMaven.execute(DefaultMaven.java:106)
	at org.apache.maven.cli.MavenCli.execute(MavenCli.java:863)
	at org.apache.maven.cli.MavenCli.doMain(MavenCli.java:288)
	at org.apache.maven.cli.MavenCli.main(MavenCli.java:199)
	at sun.reflect.NativeMethodAccessorImpl.invoke0(Native Method)
	at sun.reflect.NativeMethodAccessorImpl.invoke(Unknown Source)
	at sun.reflect.DelegatingMethodAccessorImpl.invoke(Unknown Source)
	at java.lang.reflect.Method.invoke(Unknown Source)
	at org.codehaus.plexus.classworlds.launcher.Launcher.launchEnhanced(Launcher.java:289)
	at org.codehaus.plexus.classworlds.launcher.Launcher.launch(Launcher.java:229)
	at org.codehaus.plexus.classworlds.launcher.Launcher.mainWithExitCode(Launcher.java:415)
	at org.codehaus.plexus.classworlds.launcher.Launcher.main(Launcher.java:356)
]]>
            </full-stacktrace>
          </exception> <!-- org.openqa.selenium.TimeoutException -->
          <reporter-output>
            <line>
              <![CDATA[Navigate to EBAY home page]]>
            </line>
            <line>
              <![CDATA[Type "sony tv" in "Search input in home page"]]>
            </line>
            <line>
              <![CDATA[Click on "Search button in home page"]]>
            </line>
            <line>
              <![CDATA[Verified visibility of all elements located by "Search result list"]]>
            </line>
            <line>
              <![CDATA[Verified all element of "Search result list" contains "sony"]]>
            </line>
            <line>
              <![CDATA[Verified all element of "Search result list" contains "tv"]]>
            </line>
            <line>
              <![CDATA[Click on "TV Size filter checkbox"]]>
            </line>
            <line>
              <![CDATA[Verified all element of "Search result list" contains "5"]]>
            </line>
            <line>
              <![CDATA[Clicked on item : Chinese Bravia 3D Smart TV KDL55HX820]]>
            </line>
            <line>
              <![CDATA[Click on "Add to cart button"]]>
            </line>
            <line>
              <![CDATA[Click on "Go to cart button"]]>
            </line>
            <line>
              <![CDATA[Verified "Product name in cart page" contains "Chinese Bravia 3D Smart TV KDL55HX820"]]>
            </line>
            <line>
              <![CDATA[Verified "Product price in cart page" contains "US $800.00"]]>
            </line>
            <line>
              <![CDATA[Verified "Seller name in cart page" contains "410aceboogie410"]]>
            </line>
            <line>
              <![CDATA[Verified visibility of "Unit count text in cart page"]]>
            </line>
            <line>
              <![CDATA[Click on "Proceed to checkout button"]]>
            </line>
            <line>
              <![CDATA[Click on "Registration select button"]]>
            </line>
            <line>
              <![CDATA[Type "TestQA" in "First name field"]]>
            </line>
            <line>
              <![CDATA[Type "Ïnfosys" in "Last name field"]]>
            </line>
            <line>
              <![CDATA[Type "InfosysTestQA579062@gmail.com" in "Email id field"]]>
            </line>
            <line>
              <![CDATA[Type "Password@2423" in "Password field"]]>
            </line>
            <line>
              <![CDATA[ Sun Apr 22 22:25:37 IST 2018 Test Failed : GuestUser_CheckoutFlow]]>
            </line>
          </reporter-output>
        </test-method> <!-- GuestUser_CheckoutFlow -->
      </class> <!-- test.CheckoutTest -->
    </test> <!-- Test -->
  </suite> <!-- Suite -->
</testng-results>
