<?xml version="1.0" encoding="UTF-8"?>
<testsuite xmlns:xsi="http://www.w3.org/2001/XMLSchema-instance" xsi:noNamespaceSchemaLocation="https://maven.apache.org/surefire/maven-surefire-plugin/xsd/surefire-test-report.xsd" name="TestSuite" time="99.497" tests="1" errors="0" skipped="0" failures="1">
  <properties>
[...]
</properties>
  <testcase name="GuestUser_CheckoutFlow" classname="test.CheckoutTest" time="97.992">
    <failure message="Expected condition failed: waiting for element to be clickable: [[RemoteWebDriver: chrome on XP (0bd4ce599750d4fd58caccaecaae3e03)] -&gt; id: ppaFormSbtBtn] (tried for 30 second(s) with 500 milliseconds interval)&#10;Build info: version: &apos;3.11.0&apos;, revision: &apos;e59cfb3&apos;, time: &apos;2018-03-11T20:26:55.152Z&apos;&#10;System info: host: &apos;VAIBHAV&apos;, ip: &apos;192.168.1.3&apos;, os.name: &apos;Windows 10&apos;, os.arch: &apos;amd64&apos;, os.version: &apos;10.0&apos;, java.version: &apos;1.8.0_66&apos;&#10;Driver info: org.openqa.selenium.remote.RemoteWebDriver&#10;Capabilities {acceptInsecureCerts: false, acceptSslCerts: false, applicationCacheEnabled: false, browserConnectionEnabled: false, browserName: chrome, chrome: {chromedriverVersion: 2.38.551601 (edb21f07fc70e9..., userDataDir: C:\Users\Vaibhav\AppData\Lo...}, cssSelectorsEnabled: true, databaseEnabled: false, handlesAlerts: true, hasTouchScreen: false, javascriptEnabled: true, locationContextEnabled: true, mobileEmulationEnabled: false, nativeEvents: true, networkConnectionEnabled: false, pageLoadStrategy: normal, platform: XP, platformName: XP, rotatable: false, setWindowRect: true, takesHeapSnapshot: true, takesScreenshot: true, unexpectedAlertBehaviour: , unhandledPromptBehavior: , version: 65.0.3325.181, webStorageEnabled: true, webdriver.remote.sessionid: 0bd4ce599750d4fd58caccaecaa...}&#10;Session ID: 0bd4ce599750d4fd58caccaecaae3e03" type="org.openqa.selenium.TimeoutException">org.openqa.selenium.TimeoutException: 
Expected condition failed: waiting for element to be clickable: [[RemoteWebDriver: chrome on XP (0bd4ce599750d4fd58caccaecaae3e03)] -> id: ppaFormSbtBtn] (tried for 30 second(s) with 500 milliseconds interval)
Build info: version: '3.11.0', revision: 'e59cfb3', time: '2018-03-11T20:26:55.152Z'
System info: host: 'VAIBHAV', ip: '192.168.1.3', os.name: 'Windows 10', os.arch: 'amd64', os.version: '10.0', java.version: '1.8.0_66'
Driver info: org.openqa.selenium.remote.RemoteWebDriver
Capabilities {acceptInsecureCerts: false, acceptSslCerts: false, applicationCacheEnabled: false, browserConnectionEnabled: false, browserName: chrome, chrome: {chromedriverVersion: 2.38.551601 (edb21f07fc70e9..., userDataDir: C:\Users\Vaibhav\AppData\Lo...}, cssSelectorsEnabled: true, databaseEnabled: false, handlesAlerts: true, hasTouchScreen: false, javascriptEnabled: true, locationContextEnabled: true, mobileEmulationEnabled: false, nativeEvents: true, networkConnectionEnabled: false, pageLoadStrategy: normal, platform: XP, platformName: XP, rotatable: false, setWindowRect: true, takesHeapSnapshot: true, takesScreenshot: true, unexpectedAlertBehaviour: , unhandledPromptBehavior: , version: 65.0.3325.181, webStorageEnabled: true, webdriver.remote.sessionid: 0bd4ce599750d4fd58caccaecaa...}
Session ID: 0bd4ce599750d4fd58caccaecaae3e03
	at test.CheckoutTest.GuestUser_CheckoutFlow(CheckoutTest.java:27)
</failure>
    <system-out><![CDATA[ Sun Apr 22 22:23:58 IST 2018 Execeution Started : Test
 Sun Apr 22 22:23:58 IST 2018 Test Started : GuestUser_CheckoutFlow
Click on "Search button in home page"
Click on "TV Size filter checkbox"
Click on "Add to cart button"
Click on "Go to cart button"
Chinese Bravia 3D Smart TV KDL55HX820  - - -  Chinese Bravia 3D Smart TV KDL55HX820
$800.00  - - -  US $800.00
410aceboogie410  - - -  410aceboogie410
Click on "Proceed to checkout button"
Click on "Registration select button"
]]></system-out>
    <system-err><![CDATA[Apr 22, 2018 10:23:58 PM org.openqa.selenium.remote.DesiredCapabilities chrome
INFO: Using `new ChromeOptions()` is preferred to `DesiredCapabilities.chrome()`
Apr 22, 2018 10:24:03 PM org.openqa.selenium.remote.ProtocolHandshake createSession
INFO: Detected dialect: OSS
]]></system-err>
  </testcase>
</testsuite>