<html>
<head>
<title>TestNG:  Test</title>
<link href="../testng.css" rel="stylesheet" type="text/css" />
<link href="../my-testng.css" rel="stylesheet" type="text/css" />

<style type="text/css">
.log { display: none;} 
.stack-trace { display: none;} 
</style>
<script type="text/javascript">
<!--
function flip(e) {
  current = e.style.display;
  if (current == 'block') {
    e.style.display = 'none';
    return 0;
  }
  else {
    e.style.display = 'block';
    return 1;
  }
}

function toggleBox(szDivId, elem, msg1, msg2)
{
  var res = -1;  if (document.getElementById) {
    res = flip(document.getElementById(szDivId));
  }
  else if (document.all) {
    // this is the way old msie versions work
    res = flip(document.all[szDivId]);
  }
  if(elem) {
    if(res == 0) elem.innerHTML = msg1; else elem.innerHTML = msg2;
  }

}

function toggleAllBoxes() {
  if (document.getElementsByTagName) {
    d = document.getElementsByTagName('div');
    for (i = 0; i < d.length; i++) {
      if (d[i].className == 'log') {
        flip(d[i]);
      }
    }
  }
}

// -->
</script>

</head>
<body>
<h2 align='center'>Test</h2><table border='1' align="center">
<tr>
<td>Tests passed/Failed/Skipped:</td><td>1/0/0</td>
</tr><tr>
<td>Started on:</td><td>Mon Apr 23 00:34:46 IST 2018</td>
</tr>
<tr><td>Total time:</td><td>165 seconds (165905 ms)</td>
</tr><tr>
<td>Included groups:</td><td></td>
</tr><tr>
<td>Excluded groups:</td><td></td>
</tr>
</table><p/>
<small><i>(Hover the method name to see the test class name)</i></small><p/>
<table width='100%' border='1' class='invocation-failed'>
<tr><td colspan='4' align='center'><b>FAILED TESTS</b></td></tr>
<tr><td><b>Test method</b></td>
<td width="30%"><b>Exception</b></td>
<td width="10%"><b>Time (seconds)</b></td>
<td><b>Instance</b></td>
</tr>
<tr>
<td title='test.CheckoutTest.GuestUser_CheckoutFlow()'><b>GuestUser_CheckoutFlow</b><br>Test class: test.CheckoutTest</td>
<td><div><pre>java.lang.AssertionError: The following asserts failed:
	Text : sony not found in &quot;VINTAGE AVANTI TV&quot; expected [true] but found [false],
	Text : tv not found in &quot;Sony 1-878-813-13 Power Supply&quot; expected [true] but found [false],
	Text : tv not found in &quot;Sony 1-879-354-11 Power Supply&quot; expected [true] but found [false],
	Text : tv not found in &quot;Sony PVM-14N1U 14&quot; Trinitron CRT Color Video Retro Gaming Monitor w/Mount&quot; expected [true] but found [false],
	Text : tv not found in &quot;Sony Bravia KDL40R550C Television 40-Inch&quot; expected [true] but found [false],
	Text : tv not found in &quot;NEW KD55X8500PSDE 55&quot; 4K SONY PRO BRAVIA UHD LED ANDROID RS232 IP CTR 3YR COMMER&quot; expected [true] but found [false],
	expected [true] but found [false]
	at reportingUtils.CustomSoftAssert.assertAll(CustomSoftAssert.java:42)
	at utils.ReportListener.onTestSuccess(ReportListener.java:124)
	at org.apache.maven.plugin.surefire.InPluginVMSurefireStarter.runSuitesInProcess(InPluginVMSurefireStarter.java:87)
	at org.apache.maven.plugin.surefire.AbstractSurefireMojo.executeProvider(AbstractSurefireMojo.java:1132)
	at org.apache.maven.plugin.surefire.AbstractSurefireMojo.executeAfterPreconditionsChecked(AbstractSurefireMojo.java:978)
	at org.apache.maven.plugin.surefire.AbstractSurefireMojo.execute(AbstractSurefireMojo.java:854)
	at org.apache.maven.plugin.DefaultBuildPluginManager.executeMojo(DefaultBuildPluginManager.java:134)
	at org.apache.maven.lifecycle.internal.MojoExecutor.execute(MojoExecutor.java:207)
	at org.apache.maven.lifecycle.internal.MojoExecutor.execute(MojoExecutor.java:153)
	at org.apache.maven.lifecycle.internal.MojoExecutor.execute(MojoExecutor.java:145)
	at org.apache.maven.lifecycle.internal.LifecycleModuleBuilder.buildProject(LifecycleModuleBuilder.java:116)
	at org.apache.maven.lifecycle.internal.LifecycleModuleBuilder.buildProject(LifecycleModuleBuilder.java:80)
	at org.apache.maven.lifecycle.internal.builder.singlethreaded.SingleThreadedBuilder.build(SingleThreadedBuilder.java:51)
	at org.apache.maven.lifecycle.internal.LifecycleStarter.execute(LifecycleStarter.java:128)
	at org.apache.maven.DefaultMaven.doExecute(DefaultMaven.java:307)
	at org.apache.maven.DefaultMaven.doExecute(DefaultMaven.java:193)
	at org.apache.maven.DefaultMaven.execute(DefaultMaven.java:106)
	at org.apache.maven.cli.MavenCli.execute(MavenCli.java:863)
	at org.apache.maven.cli.MavenCli.doMain(MavenCli.java:288)
	at org.apache.maven.cli.MavenCli.main(MavenCli.java:199)
	at org.codehaus.plexus.classworlds.launcher.Launcher.launchEnhanced(Launcher.java:289)
	at org.codehaus.plexus.classworlds.launcher.Launcher.launch(Launcher.java:229)
	at org.codehaus.plexus.classworlds.launcher.Launcher.mainWithExitCode(Launcher.java:415)
	at org.codehaus.plexus.classworlds.launcher.Launcher.main(Launcher.java:356)
... Removed 32 stack frames</pre></div><a href='#' onClick='toggleBox("stack-trace1875025322", this, "Click to show all stack frames", "Click to hide stack frames")'>Click to show all stack frames</a>
<div class='stack-trace' id='stack-trace1875025322'><pre>java.lang.AssertionError: The following asserts failed:
	Text : sony not found in &quot;VINTAGE AVANTI TV&quot; expected [true] but found [false],
	Text : tv not found in &quot;Sony 1-878-813-13 Power Supply&quot; expected [true] but found [false],
	Text : tv not found in &quot;Sony 1-879-354-11 Power Supply&quot; expected [true] but found [false],
	Text : tv not found in &quot;Sony PVM-14N1U 14&quot; Trinitron CRT Color Video Retro Gaming Monitor w/Mount&quot; expected [true] but found [false],
	Text : tv not found in &quot;Sony Bravia KDL40R550C Television 40-Inch&quot; expected [true] but found [false],
	Text : tv not found in &quot;NEW KD55X8500PSDE 55&quot; 4K SONY PRO BRAVIA UHD LED ANDROID RS232 IP CTR 3YR COMMER&quot; expected [true] but found [false],
	expected [true] but found [false]
	at reportingUtils.CustomSoftAssert.assertAll(CustomSoftAssert.java:42)
	at utils.ReportListener.onTestSuccess(ReportListener.java:124)
	at org.testng.internal.Invoker.runTestListeners(Invoker.java:1690)
	at org.testng.internal.Invoker.runTestListeners(Invoker.java:1670)
	at org.testng.internal.Invoker.invokeMethod(Invoker.java:696)
	at org.testng.internal.Invoker.invokeTestMethod(Invoker.java:816)
	at org.testng.internal.Invoker.invokeTestMethods(Invoker.java:1124)
	at org.testng.internal.TestMethodWorker.invokeTestMethods(TestMethodWorker.java:125)
	at org.testng.internal.TestMethodWorker.run(TestMethodWorker.java:108)
	at org.testng.TestRunner.privateRun(TestRunner.java:774)
	at org.testng.TestRunner.run(TestRunner.java:624)
	at org.testng.SuiteRunner.runTest(SuiteRunner.java:359)
	at org.testng.SuiteRunner.runSequentially(SuiteRunner.java:354)
	at org.testng.SuiteRunner.privateRun(SuiteRunner.java:312)
	at org.testng.SuiteRunner.run(SuiteRunner.java:261)
	at org.testng.SuiteRunnerWorker.runSuite(SuiteRunnerWorker.java:52)
	at org.testng.SuiteRunnerWorker.run(SuiteRunnerWorker.java:86)
	at org.testng.TestNG.runSuitesSequentially(TestNG.java:1191)
	at org.testng.TestNG.runSuitesLocally(TestNG.java:1116)
	at org.testng.TestNG.run(TestNG.java:1024)
	at org.apache.maven.surefire.testng.TestNGExecutor.run(TestNGExecutor.java:283)
	at org.apache.maven.surefire.testng.TestNGXmlTestSuite.execute(TestNGXmlTestSuite.java:75)
	at org.apache.maven.surefire.testng.TestNGProvider.invoke(TestNGProvider.java:120)
	at sun.reflect.NativeMethodAccessorImpl.invoke0(Native Method)
	at sun.reflect.NativeMethodAccessorImpl.invoke(Unknown Source)
	at sun.reflect.DelegatingMethodAccessorImpl.invoke(Unknown Source)
	at java.lang.reflect.Method.invoke(Unknown Source)
	at org.apache.maven.surefire.util.ReflectionUtils.invokeMethodWithArray2(ReflectionUtils.java:206)
	at org.apache.maven.surefire.booter.ProviderFactory$ProviderProxy.invoke(ProviderFactory.java:160)
	at org.apache.maven.surefire.booter.ProviderFactory.invokeProvider(ProviderFactory.java:83)
	at org.apache.maven.plugin.surefire.InPluginVMSurefireStarter.runSuitesInProcess(InPluginVMSurefireStarter.java:87)
	at org.apache.maven.plugin.surefire.AbstractSurefireMojo.executeProvider(AbstractSurefireMojo.java:1132)
	at org.apache.maven.plugin.surefire.AbstractSurefireMojo.executeAfterPreconditionsChecked(AbstractSurefireMojo.java:978)
	at org.apache.maven.plugin.surefire.AbstractSurefireMojo.execute(AbstractSurefireMojo.java:854)
	at org.apache.maven.plugin.DefaultBuildPluginManager.executeMojo(DefaultBuildPluginManager.java:134)
	at org.apache.maven.lifecycle.internal.MojoExecutor.execute(MojoExecutor.java:207)
	at org.apache.maven.lifecycle.internal.MojoExecutor.execute(MojoExecutor.java:153)
	at org.apache.maven.lifecycle.internal.MojoExecutor.execute(MojoExecutor.java:145)
	at org.apache.maven.lifecycle.internal.LifecycleModuleBuilder.buildProject(LifecycleModuleBuilder.java:116)
	at org.apache.maven.lifecycle.internal.LifecycleModuleBuilder.buildProject(LifecycleModuleBuilder.java:80)
	at org.apache.maven.lifecycle.internal.builder.singlethreaded.SingleThreadedBuilder.build(SingleThreadedBuilder.java:51)
	at org.apache.maven.lifecycle.internal.LifecycleStarter.execute(LifecycleStarter.java:128)
	at org.apache.maven.DefaultMaven.doExecute(DefaultMaven.java:307)
	at org.apache.maven.DefaultMaven.doExecute(DefaultMaven.java:193)
	at org.apache.maven.DefaultMaven.execute(DefaultMaven.java:106)
	at org.apache.maven.cli.MavenCli.execute(MavenCli.java:863)
	at org.apache.maven.cli.MavenCli.doMain(MavenCli.java:288)
	at org.apache.maven.cli.MavenCli.main(MavenCli.java:199)
	at sun.reflect.NativeMethodAccessorImpl.invoke0(Native Method)
	at sun.reflect.NativeMethodAccessorImpl.invoke(Unknown Source)
	at sun.reflect.DelegatingMethodAccessorImpl.invoke(Unknown Source)
	at java.lang.reflect.Method.invoke(Unknown Source)
	at org.codehaus.plexus.classworlds.launcher.Launcher.launchEnhanced(Launcher.java:289)
	at org.codehaus.plexus.classworlds.launcher.Launcher.launch(Launcher.java:229)
	at org.codehaus.plexus.classworlds.launcher.Launcher.mainWithExitCode(Launcher.java:415)
	at org.codehaus.plexus.classworlds.launcher.Launcher.main(Launcher.java:356)
</pre></div></td>
<td>165</td>
<td>test.CheckoutTest@7bde1f3a</td></tr>
</table><p>
<table width='100%' border='1' class='invocation-passed'>
<tr><td colspan='4' align='center'><b>PASSED TESTS</b></td></tr>
<tr><td><b>Test method</b></td>
<td width="30%"><b>Exception</b></td>
<td width="10%"><b>Time (seconds)</b></td>
<td><b>Instance</b></td>
</tr>
<tr>
<td title='test.CheckoutTest.GuestUser_CheckoutFlow()'><b>GuestUser_CheckoutFlow</b><br>Test class: test.CheckoutTest<br>Parameters: helper.DataEntity@4d62f4c6<br/>
<a href="#Output-716206126" onClick='toggleBox("Output-716206126", this, "Show output", "Hide output");'>Show output</a>

<a href="#Output-716206126" onClick="toggleAllBoxes();">Show all outputs</a>
<div class='log' id="Output-716206126">
Navigate to EBAY home page<br/>
Type "sony tv" in "Search input in home page"<br/>
Click on "Search button in home page"<br/>
Verified visibility of all elements located by "Search result list"<br/>
Verified all element of "Search result list" contains "sony"<br/>
Verified all element of "Search result list" contains "tv"<br/>
Click on "TV Size filter checkbox"<br/>
Verified all element of "Search result list" contains "5"<br/>
Clicked on item : Sony Bravia KDL-55BX520 32" 1080p HD LCD Television<br/>
Time Left match verified<br/>
Click on "Add to cart button"<br/>
Click on "Go to cart button"<br/>
Verified "Product name in cart page" contains "Sony Bravia KDL-55BX520 32" 1080p HD LCD Television"<br/>
Verified "Product price in cart page" contains "US $150.00"<br/>
Verified "Seller name in cart page" contains "amarieyoun-0"<br/>
Verified visibility of "Unit count text in cart page"<br/>
Click on "Proceed to checkout button"<br/>
Click on "Registration select button"<br/>
Type "TestQA" in "First name field"<br/>
Type "Ïnfosys" in "Last name field"<br/>
Type "InfosysTestQA936484@gmail.com" in "Email id field"<br/>
Type "P@9173227" in "Password field"<br/>
Click on "Continue button"<br/>
 Mon Apr 23 00:37:31 IST 2018 Test Passed : GuestUser_CheckoutFlow<br/>
 Mon Apr 23 00:37:31 IST 2018 Test Failed : GuestUser_CheckoutFlow<br/>
</div>
</td>
<td></td>
<td>165</td>
<td>test.CheckoutTest@7bde1f3a</td></tr>
</table><p>
</body>
</html>